2021-05-12 11:00:22,551 INFO org.springframework.boot.StartupInfoLogger [restartedMain] Starting GreatOutdoorApplication using Java 15.0.2 on DESKTOP-0RGI4RF with PID 2024 (C:\Users\Dell\Downloads\GreatOutdoorApplication  integrated cart update\GreatOutdoorApplication cart update\GreatOutdoorApplication\target\classes started by Dell in C:\Users\Dell\Downloads\GreatOutdoorApplication  integrated cart update\GreatOutdoorApplication cart update\GreatOutdoorApplication)
2021-05-12 11:00:22,553 INFO org.springframework.boot.SpringApplication [restartedMain] No active profile set, falling back to default profiles: default
2021-05-12 11:00:23,623 INFO org.springframework.data.repository.config.RepositoryConfigurationDelegate [restartedMain] Bootstrapping Spring Data JPA repositories in DEFAULT mode.
2021-05-12 11:00:23,735 INFO org.springframework.data.repository.config.RepositoryConfigurationDelegate [restartedMain] Finished Spring Data repository scanning in 110 ms. Found 8 JPA repository interfaces.
2021-05-12 11:00:24,094 INFO org.springframework.boot.web.embedded.tomcat.TomcatWebServer [restartedMain] Tomcat initialized with port(s): 8082 (http)
2021-05-12 11:00:24,099 INFO org.apache.juli.logging.DirectJDKLog [restartedMain] Starting service [Tomcat]
2021-05-12 11:00:24,100 INFO org.apache.juli.logging.DirectJDKLog [restartedMain] Starting Servlet engine: [Apache Tomcat/9.0.45]
2021-05-12 11:00:24,225 INFO org.apache.juli.logging.DirectJDKLog [restartedMain] Initializing Spring embedded WebApplicationContext
2021-05-12 11:00:24,226 INFO org.springframework.boot.web.servlet.context.ServletWebServerApplicationContext [restartedMain] Root WebApplicationContext: initialization completed in 1668 ms
2021-05-12 11:00:24,398 INFO com.zaxxer.hikari.HikariDataSource [restartedMain] HikariPool-15 - Starting...
2021-05-12 11:00:24,398 WARN com.zaxxer.hikari.util.DriverDataSource [restartedMain] Registered driver with driverClassName=oracle.jdbc.driver.OracleDriver was not found, trying direct instantiation.
2021-05-12 11:00:24,992 INFO com.zaxxer.hikari.HikariDataSource [restartedMain] HikariPool-15 - Start completed.
2021-05-12 11:00:25,054 INFO org.hibernate.jpa.internal.util.LogHelper [restartedMain] HHH000204: Processing PersistenceUnitInfo [name: default]
2021-05-12 11:00:25,077 INFO org.hibernate.dialect.Dialect [restartedMain] HHH000400: Using dialect: org.hibernate.dialect.Oracle10gDialect
2021-05-12 11:00:25,354 INFO org.hibernate.engine.transaction.jta.platform.internal.JtaPlatformInitiator [restartedMain] HHH000490: Using JtaPlatform implementation: [org.hibernate.engine.transaction.jta.platform.internal.NoJtaPlatform]
2021-05-12 11:00:25,355 INFO org.springframework.orm.jpa.AbstractEntityManagerFactoryBean [restartedMain] Initialized JPA EntityManagerFactory for persistence unit 'default'
2021-05-12 11:00:26,539 WARN org.springframework.boot.autoconfigure.orm.jpa.JpaBaseConfiguration$JpaWebConfiguration [restartedMain] spring.jpa.open-in-view is enabled by default. Therefore, database queries may be performed during view rendering. Explicitly configure spring.jpa.open-in-view to disable this warning
2021-05-12 11:00:26,771 INFO springfox.documentation.spring.web.PropertySourcedRequestMappingHandlerMapping [restartedMain] Mapped URL path [/v2/api-docs] onto method [springfox.documentation.swagger2.web.Swagger2Controller#getDocumentation(String, HttpServletRequest)]
2021-05-12 11:00:26,996 INFO org.springframework.scheduling.concurrent.ExecutorConfigurationSupport [restartedMain] Initializing ExecutorService 'applicationTaskExecutor'
2021-05-12 11:00:27,034 INFO org.springframework.boot.devtools.autoconfigure.OptionalLiveReloadServer [restartedMain] LiveReload server is running on port 35729
2021-05-12 11:00:27,289 INFO org.springframework.boot.web.embedded.tomcat.TomcatWebServer [restartedMain] Tomcat started on port(s): 8082 (http) with context path ''
2021-05-12 11:00:27,291 INFO springfox.documentation.spring.web.plugins.DocumentationPluginsBootstrapper [restartedMain] Context refreshed
2021-05-12 11:00:27,292 INFO springfox.documentation.spring.web.plugins.DocumentationPluginsBootstrapper [restartedMain] Found 1 custom documentation plugin(s)
2021-05-12 11:00:27,305 INFO springfox.documentation.spring.web.scanners.ApiListingReferenceScanner [restartedMain] Scanning for api listing references
2021-05-12 11:00:27,855 INFO org.springframework.boot.StartupInfoLogger [restartedMain] Started GreatOutdoorApplication in 5.752 seconds (JVM running for 2534.03)
2021-05-12 11:00:27,858 INFO org.springframework.boot.devtools.autoconfigure.ConditionEvaluationDeltaLoggingListener [restartedMain] Condition evaluation unchanged
2021-05-12 11:01:12,202 INFO org.springframework.boot.admin.SpringApplicationAdminMXBeanRegistrar$SpringApplicationAdmin [RMI TCP Connection(47)-127.0.0.1] Application shutdown requested.
2021-05-12 11:01:12,295 INFO org.springframework.scheduling.concurrent.ExecutorConfigurationSupport [RMI TCP Connection(47)-127.0.0.1] Shutting down ExecutorService 'applicationTaskExecutor'
2021-05-12 11:01:12,300 INFO org.springframework.orm.jpa.AbstractEntityManagerFactoryBean [RMI TCP Connection(47)-127.0.0.1] Closing JPA EntityManagerFactory for persistence unit 'default'
2021-05-12 11:01:12,301 INFO com.zaxxer.hikari.HikariDataSource [RMI TCP Connection(47)-127.0.0.1] HikariPool-15 - Shutdown initiated...
2021-05-12 11:01:12,312 INFO com.zaxxer.hikari.HikariDataSource [RMI TCP Connection(47)-127.0.0.1] HikariPool-15 - Shutdown completed.
